b4 motor_step_counter 2
after motor_step_counter 1
b4 motor_step_counter 1
after motor_step_counter 0
b4 motor_step_counter 0
after motor_step_counter 7
b4 motor_step_counter 7
after motor_step_counter 6
b4 motor_step_counter 6
after motor_step_counter 5
b4 motor_step_counter 5
after motor_step_counter 4
b4 motor_step_counter 4
after motor_step_counter 3
b4 motor_step_counter 3
after motor_step_counter 2
b4 motor_step_counter 2
after motor_step_counter 1
b4 motor_step_counter 1
after motor_step_counter 0
b4 motor_step_counter 0
after motor_step_counter 7
b4 motor_step_counter 7
after motor_step_counter 6
b4 motor_step_counter 6
after motor_step_counter 5
b4 motor_step_counter 5
after motor_step_counter 4
b4 motor_step_counter 4
after motor_step_counter 3
b4 motor_step_counter 3
after motor_step_counter 2
b4 motor_step_counter 2
after motor_step_counter 1
b4 motor_step_counter 1
after motor_step_counter 0
b4 motor_step_counter 0
after motor_step_counter 7
b4 motor_step_counter 7
after motor_step_counter 6
b4 motor_step_counter 6
after motor_step_counter 5
b4 motor_step_counter 5
after motor_step_counter 4
b4 motor_step_counter 4
after motor_step_counter 3
b4 motor_step_counter 3
after motor_step_counter 2
b4 motor_step_counter 2
after motor_step_counter 1
b4 motor_step_counter 1
after motor_step_counter 0
b4 motor_step_counter 0
after motor_step_counter 7
b4 motor_step_counter 7
after motor_step_counter 6
b4 motor_step_counter 6
after motor_step_counter 5
b4 motor_step_counter 5
after motor_step_counter 4
b4 motor_step_counter 4
after motor_step_counter 3
b4 motor_step_counter 3
after motor_step_counter 2
b4 motor_step_counter 2
after motor_step_counter 1
b4 motor_step_counter 1
after motor_step_counter 0
b4 motor_step_counter 0
after motor_step_counter 7
b4 motor_step_counter 7
after motor_step_counter 6
b4 motor_step_counter 6
after motor_step_counter 5
b4 motor_step_counter 5
after motor_step_counter 4
b4 motor_step_counter 4
after motor_step_counter 3
b4 motor_step_counter 3
after motor_step_counter 2
b4 motor_step_counter 2
after motor_step_counter 1
b4 motor_step_counter 1
after motor_step_counter 0
b4 motor_step_counter 0
after motor_step_counter 7
b4 motor_step_counter 7
after motor_step_counter 6
b4 motor_step_counter 6
after motor_step_counter 5
b4 motor_step_counter 5
after motor_step_counter 4
b4 motor_step_counter 4
after motor_step_counter 3
b4 motor_step_counter 3
after motor_step_counter 2
b4 motor_step_counter 2
after motor_step_counter 1
b4 motor_step_counter 1
after motor_step_counter 0
b4 motor_step_counter 0
after motor_step_counter 7
b4 motor_step_counter 7
after motor_step_counter 6
b4 motor_step_counter 6
after motor_step_counter 5
b4 motor_step_counter 5
after motor_step_counter 4
b4 motor_step_counter 4
after motor_step_counter 3
b4 motor_step_counter 3
after motor_step_counter 2
b4 motor_step_counter 2
after motor_step_counter 1
b4 motor_step_counter 1
after motor_step_counter 0
b4 motor_step_counter 0
after motor_step_counter 7
b4 motor_step_counter 7
after motor_step_counter 6
b4 motor_step_counter 6
after motor_step_counter 5
b4 motor_step_counter 5
after motor_step_counter 4
b4 motor_step_counter 4
after motor_step_counter 3
b4 motor_step_counter 3
after motor_step_counter 2
b4 motor_step_counter 2
after motor_step_counter 1
b4 motor_step_counter 1
after motor_step_counter 0
b4 motor_step_counter 0
after motor_step_counter 7
b4 motor_step_counter 7
after motor_step_counter 6
b4 motor_step_counter 6
after motor_step_counter 5
b4 motor_step_counter 5
after motor_step_counter 4
b4 motor_step_counter 4
after motor_step_counter 3
b4 motor_step_counter 3
after motor_step_counter 2
b4 motor_step_counter 2
after motor_step_counter 1
b4 motor_step_counter 1
after motor_step_counter 0
b4 motor_step_counter 0
after motor_step_counter 7
b4 motor_step_counter 7
after motor_step_counter 6
b4 motor_step_counter 6
after motor_step_counter 5
b4 motor_step_counter 5
after motor_step_counter 4
b4 motor_step_counter 4
after motor_step_counter 3
b4 motor_step_counter 3
after motor_step_counter 2
b4 motor_step_counter 2
after motor_step_counter 1
b4 motor_step_counter 1
after motor_step_counter 0
b4 motor_step_counter 0
after motor_step_counter 7
b4 motor_step_counter 7
after motor_step_counter 6
b4 motor_step_counter 6
after motor_step_counter 5
b4 motor_step_counter 5
after motor_step_counter 4
b4 motor_step_counter 4
after motor_step_counter 3
b4 motor_step_counter 3
after motor_step_counter 2
b4 motor_step_counter 2
after motor_step_counter 1
b4 motor_step_counter 1
after motor_step_counter 0
b4 motor_step_counter 0
after motor_step_counter 7
b4 motor_step_counter 7
after motor_step_counter 6
b4 motor_step_counter 6
after motor_step_counter 5
b4 motor_step_counter 5
after motor_step_counter 4
b4 motor_step_counter 4
after motor_step_counter 3
b4 motor_step_counter 3
after motor_step_counter 2
b4 motor_step_counter 2
after motor_step_counter 1
b4 motor_step_counter 1
after motor_step_counter 0
b4 motor_step_counter 0
after motor_step_counter 7
b4 motor_step_counter 7
after motor_step_counter 6
b4 motor_step_counter 6
after motor_step_counter 5
b4 motor_step_counter 5
after motor_step_counter 4
b4 motor_step_counter 4
after motor_step_counter 3
b4 motor_step_counter 3
after motor_step_counter 2
b4 motor_step_counter 2
after motor_step_counter 1
b4 motor_step_counter 1
after motor_step_counter 0
b4 motor_step_counter 0
after motor_step_counter 7
b4 motor_step_counter 7
after motor_step_counter 6
b4 motor_step_counter 6
after motor_step_counter 5
b4 motor_step_counter 5
after motor_step_counter 4
b4 motor_step_counter 4
after motor_step_counter 3
b4 motor_step_counter 3
after motor_step_counter 2
b4 motor_step_counter 2
after motor_step_counter 1
b4 motor_step_counter 1
after motor_step_counter 0
b4 motor_step_counter 0
after motor_step_counter 7
b4 motor_step_counter 7
after motor_step_counter 6
b4 motor_step_counter 6
after motor_step_counter 5
b4 motor_step_counter 5
after motor_step_counter 4
b4 motor_step_counter 4
after motor_step_counter 3
b4 motor_step_counter 3
after motor_step_counter 2
b4 motor_step_counter 2
after motor_step_counter 1
b4 motor_step_counter 1
after motor_step_counter 0
b4 motor_step_counter 0
after motor_step_counter 7
b4 motor_step_counter 7
after motor_step_counter 6
b4 motor_step_counter 6
after motor_step_counter 5
b4 motor_step_counter 5
after motor_step_counter 4
b4 motor_step_counter 4
after motor_step_counter 3
b4 motor_step_counter 3
after motor_step_counter 2
b4 motor_step_counter 2
after motor_step_counter 1
b4 motor_step_counter 1
after motor_step_counter 0
b4 motor_step_counter 0
after motor_step_counter 7
b4 motor_step_counter 7
after motor_step_counter 6
b4 motor_step_counter 6
after motor_step_counter 5
b4 motor_step_counter 5
after motor_step_counter 4
b4 motor_step_counter 4
after motor_step_counter 3
b4 motor_step_counter 3
after motor_step_counter 2
b4 motor_step_counter 2
after motor_step_counter 1
b4 motor_step_counter 1
after motor_step_counter 0
b4 motor_step_counter 0
after motor_step_counter 7
b4 motor_step_counter 7
after motor_step_counter 6
b4 motor_step_counter 6
after motor_step_counter 5
b4 motor_step_counter 5
after motor_step_counter 4
b4 motor_step_counter 4
after motor_step_counter 3
b4 motor_step_counter 3
after motor_step_counter 2
b4 motor_step_counter 2
after motor_step_counter 1
b4 motor_step_counter 1
after motor_step_counter 0
b4 motor_step_counter 0
after motor_step_counter 7
b4 motor_step_counter 7
after motor_step_counter 6
b4 motor_step_counter 6
after motor_step_counter 5
b4 motor_step_counter 5
after motor_step_counter 4
b4 motor_step_counter 4
after motor_step_counter 3
b4 motor_step_counter 3
after motor_step_counter 2
b4 motor_step_counter 2
after motor_step_counter 1
b4 motor_step_counter 1
after motor_step_counter 0
b4 motor_step_counter 0
after motor_step_counter 7
b4 motor_step_counter 7
after motor_step_counter 6
b4 motor_step_counter 6
after motor_step_counter 5
b4 motor_step_counter 5
after motor_step_counter 4
b4 motor_step_counter 4
after motor_step_counter 3
b4 motor_step_counter 3
after motor_step_counter 2
b4 motor_step_counter 2
after motor_step_counter 1
b4 motor_step_counter 1
after motor_step_counter 0
b4 motor_step_counter 0
after motor_step_counter 7
b4 motor_step_counter 7
after motor_step_counter 6
b4 motor_step_counter 6
after motor_step_counter 5
b4 motor_step_counter 5
after motor_step_counter 4
b4 motor_step_counter 4
after motor_step_counter 3
b4 motor_step_counter 3
after motor_step_counter 2
b4 motor_step_counter 2
after motor_step_counter 1
b4 motor_step_counter 1
after motor_step_counter 0
b4 motor_step_counter 0
after motor_step_counter 7
b4 motor_step_counter 7
after motor_step_counter 6
b4 motor_step_counter 6
after motor_step_counter 5
b4 motor_step_counter 5
after motor_step_counter 4
b4 motor_step_counter 4
after motor_step_counter 3
b4 motor_step_counter 3
after motor_step_counter 2
b4 motor_step_counter 2
after motor_step_counter 1
b4 motor_step_counter 1
after motor_step_counter 0
b4 motor_step_counter 0
after motor_step_counter 7
b4 motor_step_counter 7
after motor_step_counter 6
b4 motor_step_counter 6
after motor_step_counter 5
b4 motor_step_counter 5
after motor_step_counter 4
b4 motor_step_counter 4
after motor_step_counter 3
b4 motor_step_counter 3
after motor_step_counter 2
b4 motor_step_counter 2
after motor_step_counter 1
b4 motor_step_counter 1
after motor_step_counter 0
b4 motor_step_counter 0
after motor_step_counter 7
b4 motor_step_counter 7
after motor_step_counter 6
b4 motor_step_counter 6
after motor_step_counter 5
b4 motor_step_counter 5
after motor_step_counter 4
b4 motor_step_counter 4
after motor_step_counter 3
b4 motor_step_counter 3
after motor_step_counter 2
b4 motor_step_counter 2
after motor_step_counter 1
b4 motor_step_counter 1
after motor_step_counter 0
b4 motor_step_counter 0
after motor_step_counter 7
b4 motor_step_counter 7
after motor_step_counter 6
b4 motor_step_counter 6
after motor_step_counter 5
b4 motor_step_counter 5
after motor_step_counter 4
b4 motor_step_counter 4
after motor_step_counter 3
b4 motor_step_counter 3
after motor_step_counter 2
b4 motor_step_counter 2
after motor_step_counter 1
b4 motor_step_counter 1
after motor_step_counter 0
b4 motor_step_counter 0
after motor_step_counter 7
b4 motor_step_counter 7
after motor_step_counter 6
b4 motor_step_counter 6
after motor_step_counter 5
b4 motor_step_counter 5
after motor_step_counter 4
b4 motor_step_counter 4
after motor_step_counter 3
b4 motor_step_counter 3
after motor_step_counter 2
b4 motor_step_counter 2
after motor_step_counter 1
b4 motor_step_counter 1
after motor_step_counter 0
b4 motor_step_counter 0
after motor_step_counter 7
b4 motor_step_counter 7
after motor_step_counter 6
b4 motor_step_counter 6
after motor_step_counter 5
b4 motor_step_counter 5
after motor_step_counter 4
b4 motor_step_counter 4
after motor_step_counter 3
b4 motor_step_counter 3
after motor_step_counter 2
b4 motor_step_counter 2
after motor_step_counter 1
b4 motor_step_counter 1
after motor_step_counter 0
b4 motor_step_counter 0
after motor_step_counter 7
b4 motor_step_counter 7
after motor_step_counter 6
b4 motor_step_counter 6
after motor_step_counter 5
b4 motor_step_counter 5
after motor_step_counter 4
b4 motor_step_counter 4
after motor_step_counter 3
b4 motor_step_counter 3
after motor_step_counter 2
b4 motor_step_counter 2
after motor_step_counter 1
b4 motor_step_counter 1
after motor_step_counter 0
b4 motor_step_counter 0
after motor_step_counter 7
b4 motor_step_counter 7
after motor_step_counter 6
b4 motor_step_counter 6
after motor_step_counter 5
b4 motor_step_counter 5
after motor_step_counter 4
b4 motor_step_counter 4
after motor_step_counter 3
b4 motor_step_counter 3
after motor_step_counter 2
b4 motor_step_counter 2
after motor_step_counter 1
b4 motor_step_counter 1
after motor_step_counter 0
b4 motor_step_counter 0
after motor_step_counter 7
b4 motor_step_counter 7
after motor_step_counter 6
b4 motor_step_counter 6
after motor_step_counter 5
b4 motor_step_counter 5
after motor_step_counter 4
b4 motor_step_counter 4
after motor_step_counter 3
b4 motor_step_counter 3
after motor_step_counter 2
b4 motor_step_counter 2
after motor_step_counter 1
b4 motor_step_counter 1
after motor_step_counter 0
b4 motor_step_counter 0
after motor_step_counter 7
b4 motor_step_counter 7
after motor_step_counter 6
b4 motor_step_counter 6
after motor_step_counter 5
b4 motor_step_counter 5
after motor_step_counter 4
b4 motor_step_counter 4
after motor_step_counter 3
b4 motor_step_counter 3
after motor_step_counter 2
b4 motor_step_counter 2
after motor_step_counter 1
b4 motor_step_counter 1
after motor_step_counter 0
b4 motor_step_counter 0
after motor_step_counter 7
b4 motor_step_counter 7
after motor_step_counter 6
b4 motor_step_counter 6
after motor_step_counter 5
b4 motor_step_counter 5
after motor_step_counter 4
b4 motor_step_counter 4
after motor_step_counter 3
b4 motor_step_counter 3
after motor_step_counter 2
b4 motor_step_counter 2
after motor_step_counter 1
b4 motor_step_counter 1
after motor_step_counter 0
b4 motor_step_counter 0
after motor_step_counter 7
b4 motor_step_counter 7
after motor_step_counter 6
b4 motor_step_counter 6
after motor_step_counter 5
b4 motor_step_counter 5
after motor_step_counter 4
b4 motor_step_counter 4
after motor_step_counter 3
b4 motor_step_counter 3
after motor_step_counter 2
b4 motor_step_counter 2
after motor_step_counter 1
b4 motor_step_counter 1
after motor_step_counter 0
b4 motor_step_counter 0
after motor_step_counter 7
b4 motor_step_counter 7
after motor_step_counter 6
b4 motor_step_counter 6
after motor_step_counter 5
b4 motor_step_counter 5
after motor_step_counter 4
b4 motor_step_counter 4
after motor_step_counter 3
b4 motor_step_counter 3
after motor_step_counter 2
b4 motor_step_counter 2
after motor_step_counter 1
b4 motor_step_counter 1
after motor_step_counter 0
b4 motor_step_counter 0
after motor_step_counter 7
b4 motor_step_counter 7
after motor_step_counter 6
b4 motor_step_counter 6
after motor_step_counter 5
b4 motor_step_counter 5
after motor_step_counter 4
b4 motor_step_counter 4
after motor_step_counter 3
b4 motor_step_counter 3
after motor_step_counter 2
b4 motor_step_counter 2
after motor_step_counter 1
b4 motor_step_counter 1
after motor_step_counter 0
b4 motor_step_counter 0
after motor_step_counter 7
b4 motor_step_counter 7
after motor_step_counter 6
b4 motor_step_counter 6
after motor_step_counter 5
b4 motor_step_counter 5
after motor_step_counter 4
b4 motor_step_counter 4
after motor_step_counter 3
b4 motor_step_counter 3
after motor_step_counter 2
b4 motor_step_counter 2
after motor_step_counter 1
b4 motor_step_counter 1
after motor_step_counter 0
b4 motor_step_counter 0
after motor_step_counter 7
b4 motor_step_counter 7
after motor_step_counter 6
b4 motor_step_counter 6
after motor_step_counter 5
b4 motor_step_counter 5
after motor_step_counter 4
b4 motor_step_counter 4
after motor_step_counter 3
b4 motor_step_counter 3
after motor_step_counter 2
b4 motor_step_counter 2
after motor_step_counter 1
b4 motor_step_counter 1
after motor_step_counter 0
b4 motor_step_counter 0
after motor_step_counter 7
b4 motor_step_counter 7
after motor_step_counter 6
b4 motor_step_counter 6
after motor_step_counter 5
b4 motor_step_counter 5
after motor_step_counter 4
b4 motor_step_counter 4
after motor_step_counter 3
b4 motor_step_counter 3
after motor_step_counter 2
b4 motor_step_counter 2
after motor_step_counter 1
b4 motor_step_counter 1
after motor_step_counter 0
b4 motor_step_counter 0
after motor_step_counter 7
b4 motor_step_counter 7
after motor_step_counter 6
b4 motor_step_counter 6
after motor_step_counter 5
b4 motor_step_counter 5
after motor_step_counter 4
b4 motor_step_counter 4
after motor_step_counter 3
b4 motor_step_counter 3
after motor_step_counter 2
b4 motor_step_counter 2
after motor_step_counter 1
b4 motor_step_counter 1
after motor_step_counter 0
b4 motor_step_counter 0
after motor_step_counter 7
b4 motor_step_counter 7
after motor_step_counter 6
b4 motor_step_counter 6
after motor_step_counter 5
b4 motor_step_counter 5
after motor_step_counter 4
b4 motor_step_counter 4
after motor_step_counter 3
b4 motor_step_counter 3
after motor_step_counter 2
b4 motor_step_counter 2
after motor_step_counter 1
b4 motor_step_counter 1
after motor_step_counter 0
b4 motor_step_counter 0
after motor_step_counter 7
b4 motor_step_counter 7
after motor_step_counter 6
b4 motor_step_counter 6
after motor_step_counter 5
b4 motor_step_counter 5
after motor_step_counter 4
b4 motor_step_counter 4
after motor_step_counter 3
b4 motor_step_counter 3
after motor_step_counter 2
b4 motor_step_counter 2
after motor_step_counter 1
b4 motor_step_counter 1
after motor_step_counter 0
b4 motor_step_counter 0
after motor_step_counter 7
b4 motor_step_counter 7
after motor_step_counter 6
b4 motor_step_counter 6
after motor_step_counter 5
b4 motor_step_counter 5
after motor_step_counter 4
b4 motor_step_counter 4
after motor_step_counter 3
b4 motor_step_counter 3
after motor_step_counter 2
b4 motor_step_counter 2
after motor_step_counter 1
b4 motor_step_counter 1
after motor_step_counter 0
b4 motor_step_counter 0
after motor_step_counter 7
b4 motor_step_counter 7
after motor_step_counter 6
b4 motor_step_counter 6
after motor_step_counter 5
b4 motor_step_counter 5
after motor_step_counter 4
b4 motor_step_counter 4
after motor_step_counter 3
b4 motor_step_counter 3
after motor_step_counter 2
b4 motor_step_counter 2
after motor_step_counter 1
b4 motor_step_counter 1
after motor_step_counter 0
b4 motor_step_counter 0
after motor_step_counter 7
b4 motor_step_counter 7
after motor_step_counter 6
b4 motor_step_counter 6
after motor_step_counter 5
b4 motor_step_counter 5
after motor_step_counter 4
b4 motor_step_counter 4
after motor_step_counter 3
b4 motor_step_counter 3
after motor_step_counter 2
b4 motor_step_counter 2
after motor_step_counter 1
b4 motor_step_counter 1
after motor_step_counter 0
b4 motor_step_counter 0
after motor_step_counter 7
b4 motor_step_counter 7
after motor_step_counter 6
b4 motor_step_counter 6
after motor_step_counter 5
b4 motor_step_counter 5
after motor_step_counter 4
b4 motor_step_counter 4
after motor_step_counter 3
b4 motor_step_counter 3
after motor_step_counter 2
b4 motor_step_counter 2
after motor_step_counter 1
b4 motor_step_counter 1
after motor_step_counter 0
b4 motor_step_counter 0
after motor_step_counter 7
b4 motor_step_counter 7
after motor_step_counter 6
b4 motor_step_counter 6
after motor_step_counter 5
b4 motor_step_counter 5
after motor_step_counter 4
b4 motor_step_counter 4
after motor_step_counter 3
b4 motor_step_counter 3
after motor_step_counter 2
b4 motor_step_counter 2
after motor_step_counter 1
b4 motor_step_counter 1
after motor_step_counter 0
b4 motor_step_counter 0
after motor_step_counter 7
b4 motor_step_counter 7
after motor_step_counter 6
b4 motor_step_counter 6
after motor_step_counter 5
b4 motor_step_counter 5
after motor_step_counter 4
b4 motor_step_counter 4
after motor_step_counter 3
b4 motor_step_counter 3
after motor_step_counter 2
b4 motor_step_counter 2
after motor_step_counter 1
b4 motor_step_counter 1
after motor_step_counter 0
b4 motor_step_counter 0
after motor_step_counter 7
b4 motor_step_counter 7
after motor_step_counter 6
b4 motor_step_counter 6
after motor_step_counter 5
b4 motor_step_counter 5
after motor_step_counter 4
b4 motor_step_counter 4
after motor_step_counter 3
b4 motor_step_counter 3
after motor_step_counter 2
b4 motor_step_counter 2
after motor_step_counter 1
b4 motor_step_counter 1
after motor_step_counter 0
b4 motor_step_counter 0
after motor_step_counter 7
b4 motor_step_counter 7
after motor_step_counter 6
b4 motor_step_counter 6
after motor_step_counter 5
b4 motor_step_counter 5
after motor_step_counter 4
b4 motor_step_counter 4
after motor_step_counter 3
b4 motor_step_counter 3
after motor_step_counter 2
b4 motor_step_counter 2
after motor_step_counter 1
b4 motor_step_counter 1
after motor_step_counter 0
b4 motor_step_counter 0
after motor_step_counter 7
b4 motor_step_counter 7
after motor_step_counter 6
b4 motor_step_counter 6
after motor_step_counter 5
b4 motor_step_counter 5
after motor_step_counter 4
b4 motor_step_counter 4
after motor_step_counter 3
b4 motor_step_counter 3
after motor_step_counter 2
b4 motor_step_counter 2
after motor_step_counter 1
b4 motor_step_counter 1
after motor_step_counter 0
b4 motor_step_counter 0
after motor_step_counter 7
b4 motor_step_counter 7
after motor_step_counter 6
b4 motor_step_counter 6
after motor_step_counter 5
b4 motor_step_counter 5
after motor_step_counter 4
b4 motor_step_counter 4
after motor_step_counter 3
b4 motor_step_counter 3
after motor_step_counter 2
b4 motor_step_counter 2
after motor_step_counter 1
b4 motor_step_counter 1
after motor_step_counter 0
b4 motor_step_counter 0
after motor_step_counter 7
b4 motor_step_counter 7
after motor_step_counter 6
b4 motor_step_counter 6
after motor_step_counter 5
b4 motor_step_counter 5
after motor_step_counter 4
b4 motor_step_counter 4
after motor_step_counter 3
b4 motor_step_counter 3
after motor_step_counter 2
b4 motor_step_counter 2
after motor_step_counter 1
b4 motor_step_counter 1
after motor_step_counter 0
b4 motor_step_counter 0
after motor_step_counter 7
b4 motor_step_counter 7
after motor_step_counter 6
b4 motor_step_counter 6
after motor_step_counter 5
b4 motor_step_counter 5
after motor_step_counter 4
b4 motor_step_counter 4
after motor_step_counter 3
b4 motor_step_counter 3
after motor_step_counter 2
b4 motor_step_counter 2
after motor_step_counter 1
b4 motor_step_counter 1
after motor_step_counter 0
b4 motor_step_counter 0
after motor_step_counter 7
b4 motor_step_counter 7
after motor_step_counter 6
b4 motor_step_counter 6
after motor_step_counter 5
b4 motor_step_counter 5
after motor_step_counter 4
b4 motor_step_counter 4
after motor_step_counter 3
b4 motor_step_counter 3
after motor_step_counter 2
b4 motor_step_counter 2
after motor_step_counter 1
b4 motor_step_counter 1
after motor_step_counter 0
b4 motor_step_counter 0
after motor_step_counter 7
b4 motor_step_counter 7
after motor_step_counter 6
b4 motor_step_counter 6
after motor_step_counter 5
b4 motor_step_counter 5
after motor_step_counter 4
b4 motor_step_counter 4
after motor_step_counter 3
b4 motor_step_counter 3
after motor_step_counter 2
b4 motor_step_counter 2
after motor_step_counter 1
b4 motor_step_counter 1
after motor_step_counter 0
b4 motor_step_counter 0
after motor_step_counter 7
b4 motor_step_counter 7
after motor_step_counter 6
b4 motor_step_counter 6
after motor_step_counter 5
b4 motor_step_counter 5
after motor_step_counter 4
b4 motor_step_counter 4
after motor_step_counter 3
b4 motor_step_counter 3
after motor_step_counter 2
b4 motor_step_counter 2
after motor_step_counter 1
b4 motor_step_counter 1
after motor_step_counter 0
b4 motor_step_counter 0
after motor_step_counter 7
b4 motor_step_counter 7
after motor_step_counter 6
b4 motor_step_counter 6
after motor_step_counter 5
b4 motor_step_counter 5
after motor_step_counter 4
b4 motor_step_counter 4
after motor_step_counter 3
b4 motor_step_counter 3
after motor_step_counter 2
b4 motor_step_counter 2
after motor_step_counter 1
b4 motor_step_counter 1
after motor_step_counter 0
b4 motor_step_counter 0
after motor_step_counter 7
b4 motor_step_counter 7
after motor_step_counter 6
b4 motor_step_counter 6
after motor_step_counter 5
b4 motor_step_counter 5
after motor_step_counter 4
b4 motor_step_counter 4
after motor_step_counter 3
b4 motor_step_counter 3
after motor_step_counter 2
b4 motor_step_counter 2
after motor_step_counter 1
b4 motor_step_counter 1
after motor_step_counter 0
b4 motor_step_counter 0
after motor_step_counter 7
b4 motor_step_counter 7
after motor_step_counter 6
b4 motor_step_counter 6
after motor_step_counter 5
b4 motor_step_counter 5
after motor_step_counter 4
b4 motor_step_counter 4
after motor_step_counter 3
b4 motor_step_counter 3
after motor_step_counter 2
b4 motor_step_counter 2
after motor_step_counter 1
b4 motor_step_counter 1
after motor_step_counter 0
b4 motor_step_counter 0
after motor_step_counter 7
b4 motor_step_counter 7
after motor_step_counter 6
b4 motor_step_counter 6
after motor_step_counter 5
b4 motor_step_counter 5
after motor_step_counter 4
b4 motor_step_counter 4
after motor_step_counter 3
b4 motor_step_counter 3
after motor_step_counter 2
b4 motor_step_counter 2
after motor_step_counter 1
b4 motor_step_counter 1
after motor_step_counter 0
b4 motor_step_counter 0
after motor_step_counter 7
b4 motor_step_counter 7
after motor_step_counter 6
b4 motor_step_counter 6
after motor_step_counter 5
b4 motor_step_counter 5
after motor_step_counter 4
b4 motor_step_counter 4
after motor_step_counter 3
b4 motor_step_counter 3
after motor_step_counter 2
b4 motor_step_counter 2
after motor_step_counter 1
b4 motor_step_counter 1
after motor_step_counter 0
b4 motor_step_counter 0
after motor_step_counter 7
b4 motor_step_counter 7
after motor_step_counter 6
b4 motor_step_counter 6
after motor_step_counter 5
b4 motor_step_counter 5
after motor_step_counter 4
b4 motor_step_counter 4
after motor_step_counter 3
b4 motor_step_counter 3
after motor_step_counter 2
b4 motor_step_counter 2
after motor_step_counter 1
b4 motor_step_counter 1
after motor_step_counter 0

Process ended with exit code 0.
────────────────────────────────────────────────────────────────────────────────────────────────────────────────────────────────────────────────────────────────────────────────────────────────────────
Python 3.9.2 (/usr/bin/python3)
>>> 
